Dataset File: MarbleMt.txt
Generated at: 4/1/2023 11:08:24 AM

----------------------------------------------------------------------------------------------------
Area                          |Routes                        |Distance (km)       |Total Length (km)   
----------------------------------------------------------------------------------------------------
Seg 2 Area A                  |Team 13 K9 Oso                |11.11               |                    
----------------------------------------------------------------------------------------------------
                              |Team 22 K9 R2 AM              |0.07                |11.18               
----------------------------------------------------------------------------------------------------
Seg 2 Area C                  |Team 13 K9 Oso                |9.29                |                    
----------------------------------------------------------------------------------------------------
                              |Team 29 K9 Nate               |8.54                |17.83               
----------------------------------------------------------------------------------------------------
Seg 1 Area B                  |Team 13 K9 Oso                |3.24                |                    
----------------------------------------------------------------------------------------------------
                              |Team 22 K9 R2 AM              |5.34                |8.57                
----------------------------------------------------------------------------------------------------
Seg 2 Area B                  |Team 13 K9 Oso                |14.33               |                    
----------------------------------------------------------------------------------------------------
                              |Team 22 K9 R2 AM              |4.71                |19.04               
----------------------------------------------------------------------------------------------------
Seg 1 Area A                  |Team 13 K9 Oso                |1.24                |                    
----------------------------------------------------------------------------------------------------
                              |Team 22 K9 R2 AM              |0.01                |1.25                
----------------------------------------------------------------------------------------------------
Segment 1                     |Team 13 K9 Oso                |15.64               |                    
----------------------------------------------------------------------------------------------------
                              |Team 22 K9 R2 PM              |2.25                |                    
                              |Team 22 K9 R2 AM              |7.44                |25.33               
----------------------------------------------------------------------------------------------------
Segment 3                     |Team 29 K9 Nate               |21.41               |21.41               
----------------------------------------------------------------------------------------------------
Segment 2                     |Team 13 K9 Oso                |11.58               |                    
----------------------------------------------------------------------------------------------------
                              |Team 29 K9 Nate               |0.69                |                    
                              |Team 22 K9 R2 AM              |0.16                |12.43               
                              |                              |                    |                    
----------------------------------------------------------------------------------------------------
