Dataset File: MarbleMt.txt
Generated at: 5/28/2023 3:44:31 PM

----------------------------------------------------------------------------------------------------
Sorted by Area
----------------------------------------------------------------------------------------------------
Seg 2 Area A                  |13                            |4.44                |                    
----------------------------------------------------------------------------------------------------
                              |Team 13 K9 Oso                |4.31                |                    
----------------------------------------------------------------------------------------------------
                              |Team 22 K9 R2 AM              |6.07                |                    
----------------------------------------------------------------------------------------------------
                              |Team 13 Handler               |1.20                |                    
----------------------------------------------------------------------------------------------------
                              |Team 22 Handler               |9.87                |                    
----------------------------------------------------------------------------------------------------
Total Length:                 |                              |                    |25.89               
----------------------------------------------------------------------------------------------------
Seg 2 Area C                  |13                            |7.09                |                    
----------------------------------------------------------------------------------------------------
                              |Team 13 K9 Oso                |4.55                |                    
----------------------------------------------------------------------------------------------------
                              |Team 29 K9 Nate               |1.03                |                    
----------------------------------------------------------------------------------------------------
                              |Team 13 Handler               |9.53                |                    
----------------------------------------------------------------------------------------------------
                              |Team 29 Handler               |1.90                |                    
----------------------------------------------------------------------------------------------------
                              |Team 22 Handler               |0.20                |                    
----------------------------------------------------------------------------------------------------
Total Length:                 |                              |                    |24.31               
----------------------------------------------------------------------------------------------------
Seg 1 Area B                  |13                            |5.49                |                    
----------------------------------------------------------------------------------------------------
                              |Team 13 K9 Oso                |17.51               |                    
----------------------------------------------------------------------------------------------------
                              |Team 22 K9 R2 AM              |2.88                |                    
----------------------------------------------------------------------------------------------------
                              |Team 13 Handler               |3.20                |                    
----------------------------------------------------------------------------------------------------
                              |Team 29 Handler               |29.42               |                    
----------------------------------------------------------------------------------------------------
                              |Team 22 Handler               |1.80                |                    
----------------------------------------------------------------------------------------------------
Total Length:                 |                              |                    |60.29               
----------------------------------------------------------------------------------------------------
Seg 2 Area B                  |13                            |12.90               |                    
----------------------------------------------------------------------------------------------------
                              |Team 13 K9 Oso                |14.96               |                    
----------------------------------------------------------------------------------------------------
                              |Team 29 K9 Nate               |9.58                |                    
----------------------------------------------------------------------------------------------------
                              |Team 22 K9 R2 AM              |6.35                |                    
----------------------------------------------------------------------------------------------------
                              |Team 13 Handler               |1.82                |                    
----------------------------------------------------------------------------------------------------
                              |Team 29 Handler               |28.01               |                    
----------------------------------------------------------------------------------------------------
                              |Team 22 Handler               |0.54                |                    
----------------------------------------------------------------------------------------------------
Total Length:                 |                              |                    |74.18               
----------------------------------------------------------------------------------------------------
Seg 1 Area A                  |13                            |0.84                |                    
----------------------------------------------------------------------------------------------------
                              |Team 13 K9 Oso                |17.64               |                    
----------------------------------------------------------------------------------------------------
                              |Team 22 K9 R2 AM              |0.04                |                    
----------------------------------------------------------------------------------------------------
                              |Team 13 Handler               |11.55               |                    
----------------------------------------------------------------------------------------------------
Total Length:                 |                              |                    |30.07               
----------------------------------------------------------------------------------------------------
Segment 1                     |13                            |12.27               |                    
----------------------------------------------------------------------------------------------------
                              |Team 13 K9 Oso                |15.75               |                    
----------------------------------------------------------------------------------------------------
                              |Team 22 K9 R2 PM              |6.05                |                    
----------------------------------------------------------------------------------------------------
                              |Team 22 K9 R2 AM              |7.28                |                    
----------------------------------------------------------------------------------------------------
                              |Team 13 Handler               |15.91               |                    
----------------------------------------------------------------------------------------------------
                              |Team 29 Handler               |29.18               |                    
----------------------------------------------------------------------------------------------------
                              |Team 22 Handler               |9.25                |                    
----------------------------------------------------------------------------------------------------
Total Length:                 |                              |                    |95.67               
----------------------------------------------------------------------------------------------------
Segment 3                     |Team 29 K9 Nate               |4.65                |                    
----------------------------------------------------------------------------------------------------
                              |Team 29 Handler               |2.20                |                    
----------------------------------------------------------------------------------------------------
Total Length:                 |                              |                    |6.85                
----------------------------------------------------------------------------------------------------
Segment 2                     |13                            |5.73                |                    
----------------------------------------------------------------------------------------------------
                              |Team 13 K9 Oso                |14.20               |                    
----------------------------------------------------------------------------------------------------
                              |Team 29 K9 Nate               |8.96                |                    
----------------------------------------------------------------------------------------------------
                              |Team 22 K9 R2 AM              |0.71                |                    
----------------------------------------------------------------------------------------------------
                              |Team 13 Handler               |3.92                |                    
----------------------------------------------------------------------------------------------------
                              |Team 29 Handler               |10.89               |                    
----------------------------------------------------------------------------------------------------
                              |Team 22 Handler               |0.96                |                    
----------------------------------------------------------------------------------------------------
Total Length:                 |                              |                    |45.37               
----------------------------------------------------------------------------------------------------
                              |                              |                    |                    
----------------------------------------------------------------------------------------------------

Sorted by Routes
----------------------------------------------------------------------------------------------------
Seg 2 Area A                  |13                            |4.44                |                    
----------------------------------------------------------------------------------------------------
Seg 2 Area C                  |                              |7.09                |                    
----------------------------------------------------------------------------------------------------
Seg 1 Area B                  |                              |5.49                |                    
----------------------------------------------------------------------------------------------------
Seg 2 Area B                  |                              |12.90               |                    
----------------------------------------------------------------------------------------------------
Seg 1 Area A                  |                              |0.84                |                    
----------------------------------------------------------------------------------------------------
Segment 1                     |                              |12.27               |                    
----------------------------------------------------------------------------------------------------
Segment 2                     |                              |5.73                |                    
----------------------------------------------------------------------------------------------------
Total Length:                 |                              |                    |48.76               
----------------------------------------------------------------------------------------------------
Seg 2 Area A                  |Team 13 K9 Oso                |4.31                |                    
----------------------------------------------------------------------------------------------------
Seg 2 Area C                  |                              |4.55                |                    
----------------------------------------------------------------------------------------------------
Seg 1 Area B                  |                              |17.51               |                    
----------------------------------------------------------------------------------------------------
Seg 2 Area B                  |                              |14.96               |                    
----------------------------------------------------------------------------------------------------
Seg 1 Area A                  |                              |17.64               |                    
----------------------------------------------------------------------------------------------------
Segment 1                     |                              |15.75               |                    
----------------------------------------------------------------------------------------------------
Segment 2                     |                              |14.20               |                    
----------------------------------------------------------------------------------------------------
Total Length:                 |                              |                    |88.92               
----------------------------------------------------------------------------------------------------
Seg 2 Area A                  |Team 22 K9 R2 AM              |6.07                |                    
----------------------------------------------------------------------------------------------------
Seg 1 Area B                  |                              |2.88                |                    
----------------------------------------------------------------------------------------------------
Seg 2 Area B                  |                              |6.35                |                    
----------------------------------------------------------------------------------------------------
Seg 1 Area A                  |                              |0.04                |                    
----------------------------------------------------------------------------------------------------
Segment 1                     |                              |7.28                |                    
----------------------------------------------------------------------------------------------------
Segment 2                     |                              |0.71                |                    
----------------------------------------------------------------------------------------------------
Total Length:                 |                              |                    |23.33               
----------------------------------------------------------------------------------------------------
Seg 2 Area A                  |Team 13 Handler               |1.20                |                    
----------------------------------------------------------------------------------------------------
Seg 2 Area C                  |                              |9.53                |                    
----------------------------------------------------------------------------------------------------
Seg 1 Area B                  |                              |3.20                |                    
----------------------------------------------------------------------------------------------------
Seg 2 Area B                  |                              |1.82                |                    
----------------------------------------------------------------------------------------------------
Seg 1 Area A                  |                              |11.55               |                    
----------------------------------------------------------------------------------------------------
Segment 1                     |                              |15.91               |                    
----------------------------------------------------------------------------------------------------
Segment 2                     |                              |3.92                |                    
----------------------------------------------------------------------------------------------------
Total Length:                 |                              |                    |47.15               
----------------------------------------------------------------------------------------------------
Seg 2 Area A                  |Team 22 Handler               |9.87                |                    
----------------------------------------------------------------------------------------------------
Seg 2 Area C                  |                              |0.20                |                    
----------------------------------------------------------------------------------------------------
Seg 1 Area B                  |                              |1.80                |                    
----------------------------------------------------------------------------------------------------
Seg 2 Area B                  |                              |0.54                |                    
----------------------------------------------------------------------------------------------------
Segment 1                     |                              |9.25                |                    
----------------------------------------------------------------------------------------------------
Segment 2                     |                              |0.96                |                    
----------------------------------------------------------------------------------------------------
Total Length:                 |                              |                    |22.61               
----------------------------------------------------------------------------------------------------
Seg 2 Area C                  |Team 29 K9 Nate               |1.03                |                    
----------------------------------------------------------------------------------------------------
Seg 2 Area B                  |                              |9.58                |                    
----------------------------------------------------------------------------------------------------
Segment 3                     |                              |4.65                |                    
----------------------------------------------------------------------------------------------------
Segment 2                     |                              |8.96                |                    
----------------------------------------------------------------------------------------------------
Total Length:                 |                              |                    |24.22               
----------------------------------------------------------------------------------------------------
Seg 2 Area C                  |Team 29 Handler               |1.90                |                    
----------------------------------------------------------------------------------------------------
Seg 1 Area B                  |                              |29.42               |                    
----------------------------------------------------------------------------------------------------
Seg 2 Area B                  |                              |28.01               |                    
----------------------------------------------------------------------------------------------------
Segment 1                     |                              |29.18               |                    
----------------------------------------------------------------------------------------------------
Segment 3                     |                              |2.20                |                    
----------------------------------------------------------------------------------------------------
Segment 2                     |                              |10.89               |                    
----------------------------------------------------------------------------------------------------
Total Length:                 |                              |                    |101.60              
----------------------------------------------------------------------------------------------------
Segment 1                     |Team 22 K9 R2 PM              |6.05                |                    
----------------------------------------------------------------------------------------------------
Total Length:                 |                              |                    |6.05                
----------------------------------------------------------------------------------------------------
                              |                              |                    |                    
----------------------------------------------------------------------------------------------------

----------------------------------------------------------------------------------------------------
