Results:
Processing file: newTest.json
------------------------------------------------------------------------------------
Areas:
  S31
  S10
  S30
  S25
  S08
  S04
  S03
  S22
  S11
  S02
  S27
  S26
  S24
  S13
  S21
  S28
  S01
  S12
  S20
  S23
  S07
  S05
  S06

Routes:
  PCESAR Team 3
  Brett and Andy
  Dan VdE Track
  PCESAR Team 1
  TMR Team 1 tracks B
  Betts
  Dan
  TMRU Team 1 tracks A

Intersection Results:
------------------------------------------------------------------------------------
Area: S31
--> Route: TMR Team 1 tracks B
  Total distance of route: 0.02 kilometers
Total traversed in Area S31 --> 0.02 kilometers
------------------------------------------------------------------------------------
Area: S10
--> Route: PCESAR Team 1
  Total distance of route: 0.02 kilometers
--> Route: TMR Team 1 tracks B
  Total distance of route: 1.32 kilometers
--> Route: Dan
  Total distance of route: 0.63 kilometers
--> Route: TMRU Team 1 tracks A
  Total distance of route: 1.07 kilometers
Total traversed in Area S10 --> 3.03 kilometers
------------------------------------------------------------------------------------
Area: S30
--> Route: Brett and Andy
  Total distance of route: 0.12 kilometers
--> Route: TMR Team 1 tracks B
  Total distance of route: 0.04 kilometers
--> Route: TMRU Team 1 tracks A
  Total distance of route: 4.11 kilometers
Total traversed in Area S30 --> 4.27 kilometers
------------------------------------------------------------------------------------
Area: S25
--> Route: Brett and Andy
  Total distance of route: 3.33 kilometers
--> Route: Dan VdE Track
  Total distance of route: 0.04 kilometers
--> Route: TMR Team 1 tracks B
  Total distance of route: 5.10 kilometers
--> Route: Dan
  Total distance of route: 2.13 kilometers
--> Route: TMRU Team 1 tracks A
  Total distance of route: 1.26 kilometers
Total traversed in Area S25 --> 11.87 kilometers
------------------------------------------------------------------------------------
Area: S08
--> Route: PCESAR Team 3
  Total distance of route: 0.55 kilometers
--> Route: Brett and Andy
  Total distance of route: 6.11 kilometers
--> Route: PCESAR Team 1
  Total distance of route: 0.95 kilometers
--> Route: TMR Team 1 tracks B
  Total distance of route: 2.43 kilometers
--> Route: Dan
  Total distance of route: 1.10 kilometers
--> Route: TMRU Team 1 tracks A
  Total distance of route: 6.20 kilometers
Total traversed in Area S08 --> 17.36 kilometers
------------------------------------------------------------------------------------
Area: S04
--> Route: Brett and Andy
  Total distance of route: 6.04 kilometers
--> Route: PCESAR Team 1
  Total distance of route: 3.59 kilometers
--> Route: TMR Team 1 tracks B
  Total distance of route: 2.22 kilometers
--> Route: Dan
  Total distance of route: 0.02 kilometers
--> Route: TMRU Team 1 tracks A
  Total distance of route: 7.53 kilometers
Total traversed in Area S04 --> 19.39 kilometers
------------------------------------------------------------------------------------
Area: S03
--> Route: TMR Team 1 tracks B
  Total distance of route: 0.22 kilometers
Total traversed in Area S03 --> 0.22 kilometers
------------------------------------------------------------------------------------
Area: S22
--> Route: Brett and Andy
  Total distance of route: 4.04 kilometers
--> Route: Dan VdE Track
  Total distance of route: 0.13 kilometers
--> Route: TMR Team 1 tracks B
  Total distance of route: 5.68 kilometers
--> Route: TMRU Team 1 tracks A
  Total distance of route: 5.99 kilometers
Total traversed in Area S22 --> 15.84 kilometers
------------------------------------------------------------------------------------
Area: S11
--> Route: PCESAR Team 3
  Total distance of route: 0.14 kilometers
--> Route: Brett and Andy
  Total distance of route: 0.04 kilometers
--> Route: PCESAR Team 1
  Total distance of route: 1.22 kilometers
--> Route: TMR Team 1 tracks B
  Total distance of route: 1.91 kilometers
--> Route: TMRU Team 1 tracks A
  Total distance of route: 2.13 kilometers
Total traversed in Area S11 --> 5.44 kilometers
------------------------------------------------------------------------------------
Area: S02
--> Route: TMR Team 1 tracks B
  Total distance of route: 0.13 kilometers
--> Route: Betts
  Total distance of route: 2.02 kilometers
Total traversed in Area S02 --> 2.15 kilometers
------------------------------------------------------------------------------------
Area: S27
--> Route: Brett and Andy
  Total distance of route: 4.12 kilometers
--> Route: Dan VdE Track
  Total distance of route: 0.06 kilometers
--> Route: TMRU Team 1 tracks A
  Total distance of route: 5.96 kilometers
Total traversed in Area S27 --> 10.15 kilometers
------------------------------------------------------------------------------------
Area: S26
--> Route: Brett and Andy
  Total distance of route: 1.64 kilometers
--> Route: Dan VdE Track
  Total distance of route: 0.39 kilometers
--> Route: TMRU Team 1 tracks A
  Total distance of route: 0.26 kilometers
Total traversed in Area S26 --> 2.29 kilometers
------------------------------------------------------------------------------------
Area: S24
--> Route: Brett and Andy
  Total distance of route: 0.74 kilometers
Total traversed in Area S24 --> 0.74 kilometers
------------------------------------------------------------------------------------
Area: S13
--> Route: PCESAR Team 3
  Total distance of route: 0.03 kilometers
--> Route: PCESAR Team 1
  Total distance of route: 0.01 kilometers
Total traversed in Area S13 --> 0.04 kilometers
------------------------------------------------------------------------------------
Area: S21
--> Route: TMRU Team 1 tracks A
  Total distance of route: 0.02 kilometers
Total traversed in Area S21 --> 0.02 kilometers
------------------------------------------------------------------------------------
Area: S28
--> Route: Brett and Andy
  Total distance of route: 0.40 kilometers
--> Route: TMRU Team 1 tracks A
  Total distance of route: 0.27 kilometers
Total traversed in Area S28 --> 0.67 kilometers
------------------------------------------------------------------------------------
Area: S01
--> Route: Brett and Andy
  Total distance of route: 0.05 kilometers
--> Route: PCESAR Team 1
  Total distance of route: 0.01 kilometers
--> Route: TMR Team 1 tracks B
  Total distance of route: 0.25 kilometers
--> Route: Betts
  Total distance of route: 9.37 kilometers
--> Route: TMRU Team 1 tracks A
  Total distance of route: 0.18 kilometers
Total traversed in Area S01 --> 9.85 kilometers
------------------------------------------------------------------------------------
Area: S12
--> Route: TMR Team 1 tracks B
  Total distance of route: 0.16 kilometers
--> Route: Betts
  Total distance of route: 0.03 kilometers
Total traversed in Area S12 --> 0.19 kilometers
------------------------------------------------------------------------------------
Area: S20
--> Route: Brett and Andy
  Total distance of route: 0.48 kilometers
--> Route: Dan VdE Track
  Total distance of route: 0.16 kilometers
--> Route: TMRU Team 1 tracks A
  Total distance of route: 5.67 kilometers
Total traversed in Area S20 --> 6.31 kilometers
------------------------------------------------------------------------------------
Area: S23
--> Route: TMRU Team 1 tracks A
  Total distance of route: 5.33 kilometers
Total traversed in Area S23 --> 5.33 kilometers
------------------------------------------------------------------------------------
Area: S07
--> Route: Brett and Andy
  Total distance of route: 5.55 kilometers
--> Route: PCESAR Team 1
  Total distance of route: 2.47 kilometers
--> Route: TMR Team 1 tracks B
  Total distance of route: 0.09 kilometers
--> Route: Dan
  Total distance of route: 0.55 kilometers
--> Route: TMRU Team 1 tracks A
  Total distance of route: 7.52 kilometers
Total traversed in Area S07 --> 16.18 kilometers
------------------------------------------------------------------------------------
Area: S05
--> Route: Betts
  Total distance of route: 8.52 kilometers
Total traversed in Area S05 --> 8.52 kilometers
------------------------------------------------------------------------------------
Area: S06
--> Route: Brett and Andy
  Total distance of route: 0.11 kilometers
--> Route: PCESAR Team 1
  Total distance of route: 6.12 kilometers
--> Route: TMR Team 1 tracks B
  Total distance of route: 0.13 kilometers
--> Route: Betts
  Total distance of route: 0.00 kilometers
--> Route: TMRU Team 1 tracks A
  Total distance of route: 8.96 kilometers
Total traversed in Area S06 --> 15.32 kilometers
------------------------------------------------------------------------------------
