Results:
Processing file: MarbleMt.txt
------------------------------------------------------------------------------------
Areas:
  Seg 2 Area A
  Seg 2 Area C
  Seg 1 Area B
  Seg 2 Area B
  Seg 1 Area A
  Segment 1
  Segment 3
  Segment 2

Routes:
  13
  Team 13 K9 Oso 
  Team 29 K9 Nate
  Team 22 K9 R2 PM
  Team 22 K9 R2 AM
  Team 13 Handler 
  Team 29 Handler
  Team 22 Handler

Intersection Results:
------------------------------------------------------------------------------------
Area: Seg 2 Area A
--> Route: 13
  Total distance of route: 4.44 kilometers
--> Route: Team 13 K9 Oso 
  Total distance of route: 4.31 kilometers
--> Route: Team 22 K9 R2 AM
  Total distance of route: 6.07 kilometers
--> Route: Team 13 Handler 
  Total distance of route: 1.20 kilometers
--> Route: Team 22 Handler
  Total distance of route: 9.87 kilometers
Total traversed in Area Seg 2 Area A --> 25.89 kilometers
------------------------------------------------------------------------------------
Area: Seg 2 Area C
--> Route: 13
  Total distance of route: 7.09 kilometers
--> Route: Team 13 K9 Oso 
  Total distance of route: 4.55 kilometers
--> Route: Team 29 K9 Nate
  Total distance of route: 1.03 kilometers
--> Route: Team 13 Handler 
  Total distance of route: 9.53 kilometers
--> Route: Team 29 Handler
  Total distance of route: 1.90 kilometers
--> Route: Team 22 Handler
  Total distance of route: 0.20 kilometers
Total traversed in Area Seg 2 Area C --> 24.31 kilometers
------------------------------------------------------------------------------------
Area: Seg 1 Area B
--> Route: 13
  Total distance of route: 5.49 kilometers
--> Route: Team 13 K9 Oso 
  Total distance of route: 17.51 kilometers
--> Route: Team 22 K9 R2 AM
  Total distance of route: 2.88 kilometers
--> Route: Team 13 Handler 
  Total distance of route: 3.20 kilometers
--> Route: Team 29 Handler
  Total distance of route: 29.42 kilometers
--> Route: Team 22 Handler
  Total distance of route: 1.80 kilometers
Total traversed in Area Seg 1 Area B --> 60.29 kilometers
------------------------------------------------------------------------------------
Area: Seg 2 Area B
--> Route: 13
  Total distance of route: 12.90 kilometers
--> Route: Team 13 K9 Oso 
  Total distance of route: 14.96 kilometers
--> Route: Team 29 K9 Nate
  Total distance of route: 9.58 kilometers
--> Route: Team 22 K9 R2 AM
  Total distance of route: 6.35 kilometers
--> Route: Team 13 Handler 
  Total distance of route: 1.82 kilometers
--> Route: Team 29 Handler
  Total distance of route: 28.01 kilometers
--> Route: Team 22 Handler
  Total distance of route: 0.54 kilometers
Total traversed in Area Seg 2 Area B --> 74.18 kilometers
------------------------------------------------------------------------------------
Area: Seg 1 Area A
--> Route: 13
  Total distance of route: 0.84 kilometers
--> Route: Team 13 K9 Oso 
  Total distance of route: 17.64 kilometers
--> Route: Team 22 K9 R2 AM
  Total distance of route: 0.04 kilometers
--> Route: Team 13 Handler 
  Total distance of route: 11.55 kilometers
Total traversed in Area Seg 1 Area A --> 30.07 kilometers
------------------------------------------------------------------------------------
Area: Segment 1
--> Route: 13
  Total distance of route: 12.27 kilometers
--> Route: Team 13 K9 Oso 
  Total distance of route: 15.75 kilometers
--> Route: Team 22 K9 R2 PM
  Total distance of route: 6.05 kilometers
--> Route: Team 22 K9 R2 AM
  Total distance of route: 7.28 kilometers
--> Route: Team 13 Handler 
  Total distance of route: 15.91 kilometers
--> Route: Team 29 Handler
  Total distance of route: 29.18 kilometers
--> Route: Team 22 Handler
  Total distance of route: 9.25 kilometers
Total traversed in Area Segment 1 --> 95.67 kilometers
------------------------------------------------------------------------------------
Area: Segment 3
--> Route: Team 29 K9 Nate
  Total distance of route: 4.65 kilometers
--> Route: Team 29 Handler
  Total distance of route: 2.20 kilometers
Total traversed in Area Segment 3 --> 6.85 kilometers
------------------------------------------------------------------------------------
Area: Segment 2
--> Route: 13
  Total distance of route: 5.73 kilometers
--> Route: Team 13 K9 Oso 
  Total distance of route: 14.20 kilometers
--> Route: Team 29 K9 Nate
  Total distance of route: 8.96 kilometers
--> Route: Team 22 K9 R2 AM
  Total distance of route: 0.71 kilometers
--> Route: Team 13 Handler 
  Total distance of route: 3.92 kilometers
--> Route: Team 29 Handler
  Total distance of route: 10.89 kilometers
--> Route: Team 22 Handler
  Total distance of route: 0.96 kilometers
Total traversed in Area Segment 2 --> 45.37 kilometers
------------------------------------------------------------------------------------
