Dataset File: MarbleMt.txt
Generated at: 4/19/2023 10:17:00 AM

----------------------------------------------------------------------------------------------------
Sorted by Area
----------------------------------------------------------------------------------------------------
Seg 2 Area A                  |Team 13 K9 Oso                |11.11               |                    
----------------------------------------------------------------------------------------------------
                              |Team 22 K9 R2 AM              |0.07                |                    
----------------------------------------------------------------------------------------------------
Total Length:                 |                              |                    |11.18               
----------------------------------------------------------------------------------------------------
Seg 2 Area C                  |Team 13 K9 Oso                |9.29                |                    
----------------------------------------------------------------------------------------------------
                              |Team 29 K9 Nate               |8.54                |                    
----------------------------------------------------------------------------------------------------
Total Length:                 |                              |                    |17.83               
----------------------------------------------------------------------------------------------------
Seg 1 Area B                  |Team 13 K9 Oso                |3.24                |                    
----------------------------------------------------------------------------------------------------
                              |Team 22 K9 R2 AM              |5.34                |                    
----------------------------------------------------------------------------------------------------
Total Length:                 |                              |                    |8.57                
----------------------------------------------------------------------------------------------------
Seg 2 Area B                  |Team 13 K9 Oso                |14.33               |                    
----------------------------------------------------------------------------------------------------
                              |Team 22 K9 R2 AM              |4.71                |                    
----------------------------------------------------------------------------------------------------
Total Length:                 |                              |                    |19.04               
----------------------------------------------------------------------------------------------------
Seg 1 Area A                  |Team 13 K9 Oso                |1.24                |                    
----------------------------------------------------------------------------------------------------
                              |Team 22 K9 R2 AM              |0.01                |                    
----------------------------------------------------------------------------------------------------
Total Length:                 |                              |                    |1.25                
----------------------------------------------------------------------------------------------------
Segment 1                     |Team 13 K9 Oso                |15.64               |                    
----------------------------------------------------------------------------------------------------
                              |Team 22 K9 R2 PM              |2.25                |                    
----------------------------------------------------------------------------------------------------
                              |Team 22 K9 R2 AM              |7.44                |                    
----------------------------------------------------------------------------------------------------
Total Length:                 |                              |                    |25.33               
----------------------------------------------------------------------------------------------------
Segment 3                     |Team 29 K9 Nate               |21.41               |                    
----------------------------------------------------------------------------------------------------
Total Length:                 |                              |                    |21.41               
----------------------------------------------------------------------------------------------------
Segment 2                     |Team 13 K9 Oso                |11.58               |                    
----------------------------------------------------------------------------------------------------
                              |Team 29 K9 Nate               |0.69                |                    
----------------------------------------------------------------------------------------------------
                              |Team 22 K9 R2 AM              |0.16                |                    
----------------------------------------------------------------------------------------------------
Total Length:                 |                              |                    |12.43               
----------------------------------------------------------------------------------------------------
                              |                              |                    |                    
----------------------------------------------------------------------------------------------------

Sorted by Routes
----------------------------------------------------------------------------------------------------
Seg 2 Area A                  |Team 13 K9 Oso                |11.11               |                    
----------------------------------------------------------------------------------------------------
Seg 2 Area C                  |                              |9.29                |                    
----------------------------------------------------------------------------------------------------
Seg 1 Area B                  |                              |3.24                |                    
----------------------------------------------------------------------------------------------------
Seg 2 Area B                  |                              |14.33               |                    
----------------------------------------------------------------------------------------------------
Seg 1 Area A                  |                              |1.24                |                    
----------------------------------------------------------------------------------------------------
Segment 1                     |                              |15.64               |                    
----------------------------------------------------------------------------------------------------
Segment 2                     |                              |11.58               |                    
----------------------------------------------------------------------------------------------------
Total Length:                 |                              |                    |66.43               
----------------------------------------------------------------------------------------------------
Seg 2 Area A                  |Team 22 K9 R2 AM              |0.07                |                    
----------------------------------------------------------------------------------------------------
Seg 1 Area B                  |                              |5.34                |                    
----------------------------------------------------------------------------------------------------
Seg 2 Area B                  |                              |4.71                |                    
----------------------------------------------------------------------------------------------------
Seg 1 Area A                  |                              |0.01                |                    
----------------------------------------------------------------------------------------------------
Segment 1                     |                              |7.44                |                    
----------------------------------------------------------------------------------------------------
Segment 2                     |                              |0.16                |                    
----------------------------------------------------------------------------------------------------
Total Length:                 |                              |                    |17.72               
----------------------------------------------------------------------------------------------------
Seg 2 Area C                  |Team 29 K9 Nate               |8.54                |                    
----------------------------------------------------------------------------------------------------
Segment 3                     |                              |21.41               |                    
----------------------------------------------------------------------------------------------------
Segment 2                     |                              |0.69                |                    
----------------------------------------------------------------------------------------------------
Total Length:                 |                              |                    |30.64               
----------------------------------------------------------------------------------------------------
Segment 1                     |Team 22 K9 R2 PM              |2.25                |                    
----------------------------------------------------------------------------------------------------
Total Length:                 |                              |                    |2.25                
----------------------------------------------------------------------------------------------------
                              |                              |                    |                    
----------------------------------------------------------------------------------------------------

----------------------------------------------------------------------------------------------------
