{
  "Type": "Feature",
  "Properties": {
    "Title": "Sample LineString"
  },
  "Geometry": {
    "Type": "LineString",
    "Coordinates": [
      [
        -121.2741923332,
        48.6735534668,
        171.0
      ],
      [
        -121.2741923332,
        48.6735534668,
        171.0
      ],
      [
        -121.2741923332,
        48.6735534668,
        171.0
      ],
      [
        -121.2741708755,
        48.6735320091,
        171.0
      ],
      [
        -121.2741494179,
        48.6735105515,
        171.0
      ],
      [
        -121.2741494179,
        48.6735105515,
        171.0
      ],
      [
        -121.2741494179,
        48.6734676361,
        171.0
      ],
      [
        -121.2741494179,
        48.6734461784,
        171.0
      ]
    ]
  },
  "Id": "c1234567-89ab-4cde-f012-3456789ab0cd"
}